69 - INFO - the application has started
186 - DEBUG - STREAM b'IHDR' 16 13
186 - DEBUG - STREAM b'gAMA' 41 4
186 - DEBUG - STREAM b'cHRM' 57 32
186 - DEBUG - STREAM b'bKGD' 101 6
698 - DEBUG - b'bKGD' 101 6 (unknown)
186 - DEBUG - STREAM b'tIME' 119 7
698 - DEBUG - b'tIME' 119 7 (unknown)
186 - DEBUG - STREAM b'IDAT' 138 32768
186 - DEBUG - STREAM b'tEXt' 215061 37
186 - DEBUG - STREAM b'tEXt' 215110 37
228 - INFO - comp1 is Mag
230 - INFO - comp1 is Phase
245 - INFO - components are multiplied
130 - INFO - tools are enabled
228 - INFO - comp1 is uniMag
230 - INFO - comp1 is Phase
245 - INFO - components are multiplied
228 - INFO - comp1 is Mag
230 - INFO - comp1 is Phase
245 - INFO - components are multiplied
228 - INFO - comp1 is Mag
230 - INFO - comp1 is Phase
245 - INFO - components are multiplied
228 - INFO - comp1 is Mag
230 - INFO - comp1 is Phase
245 - INFO - components are multiplied
228 - INFO - comp1 is Mag
230 - INFO - comp1 is Phase
245 - INFO - components are multiplied
228 - INFO - comp1 is Mag
230 - INFO - comp1 is Phase
245 - INFO - components are multiplied
228 - INFO - comp1 is Mag
230 - INFO - comp1 is Phase
245 - INFO - components are multiplied
228 - INFO - comp1 is Mag
230 - INFO - comp1 is Phase
245 - INFO - components are multiplied
228 - INFO - comp1 is Mag
230 - INFO - comp1 is Phase
245 - INFO - components are multiplied
228 - INFO - comp1 is Mag
230 - INFO - comp1 is Phase
245 - INFO - components are multiplied
228 - INFO - comp1 is Mag
230 - INFO - comp1 is Phase
245 - INFO - components are multiplied
228 - INFO - comp1 is Mag
230 - INFO - comp1 is Phase
245 - INFO - components are multiplied
228 - INFO - comp1 is Mag
230 - INFO - comp1 is Phase
245 - INFO - components are multiplied
228 - INFO - comp1 is Mag
230 - INFO - comp1 is Phase
245 - INFO - components are multiplied
228 - INFO - comp1 is Mag
230 - INFO - comp1 is Phase
245 - INFO - components are multiplied
228 - INFO - comp1 is Mag
230 - INFO - comp1 is Phase
245 - INFO - components are multiplied
228 - INFO - comp1 is Mag
230 - INFO - comp1 is Phase
245 - INFO - components are multiplied
228 - INFO - comp1 is Mag
230 - INFO - comp1 is Phase
245 - INFO - components are multiplied
228 - INFO - comp1 is Mag
230 - INFO - comp1 is Phase
245 - INFO - components are multiplied
228 - INFO - comp1 is Mag
230 - INFO - comp1 is Phase
245 - INFO - components are multiplied
228 - INFO - comp1 is Mag
230 - INFO - comp1 is Phase
245 - INFO - components are multiplied
228 - INFO - comp1 is Mag
230 - INFO - comp1 is Phase
245 - INFO - components are multiplied
228 - INFO - comp1 is Mag
230 - INFO - comp1 is Phase
245 - INFO - components are multiplied
228 - INFO - comp1 is Mag
230 - INFO - comp1 is Phase
245 - INFO - components are multiplied
228 - INFO - comp1 is Mag
230 - INFO - comp1 is Phase
245 - INFO - components are multiplied
228 - INFO - comp1 is Mag
230 - INFO - comp1 is Phase
245 - INFO - components are multiplied
228 - INFO - comp1 is Mag
230 - INFO - comp1 is Phase
245 - INFO - components are multiplied
228 - INFO - comp1 is Mag
230 - INFO - comp1 is Phase
245 - INFO - components are multiplied
228 - INFO - comp1 is Mag
230 - INFO - comp1 is Phase
245 - INFO - components are multiplied
228 - INFO - comp1 is Mag
230 - INFO - comp1 is Phase
245 - INFO - components are multiplied
228 - INFO - comp1 is Mag
230 - INFO - comp1 is Phase
245 - INFO - components are multiplied
228 - INFO - comp1 is Mag
230 - INFO - comp1 is Phase
245 - INFO - components are multiplied
228 - INFO - comp1 is Mag
230 - INFO - comp1 is Phase
245 - INFO - components are multiplied
228 - INFO - comp1 is Mag
230 - INFO - comp1 is Phase
245 - INFO - components are multiplied
228 - INFO - comp1 is Mag
230 - INFO - comp1 is Phase
245 - INFO - components are multiplied
228 - INFO - comp1 is Mag
230 - INFO - comp1 is Phase
245 - INFO - components are multiplied
228 - INFO - comp1 is Mag
230 - INFO - comp1 is Phase
245 - INFO - components are multiplied
228 - INFO - comp1 is Mag
230 - INFO - comp1 is Phase
245 - INFO - components are multiplied
228 - INFO - comp1 is Mag
230 - INFO - comp1 is Phase
245 - INFO - components are multiplied
228 - INFO - comp1 is Mag
230 - INFO - comp1 is Phase
245 - INFO - components are multiplied
228 - INFO - comp1 is Mag
230 - INFO - comp1 is Phase
245 - INFO - components are multiplied
228 - INFO - comp1 is Mag
230 - INFO - comp1 is Phase
245 - INFO - components are multiplied
228 - INFO - comp1 is Mag
230 - INFO - comp1 is Phase
245 - INFO - components are multiplied
228 - INFO - comp1 is Mag
230 - INFO - comp1 is Phase
245 - INFO - components are multiplied
228 - INFO - comp1 is Mag
230 - INFO - comp1 is Phase
245 - INFO - components are multiplied
228 - INFO - comp1 is Mag
230 - INFO - comp1 is Phase
245 - INFO - components are multiplied
228 - INFO - comp1 is Mag
230 - INFO - comp1 is Phase
245 - INFO - components are multiplied
228 - INFO - comp1 is Mag
230 - INFO - comp1 is Phase
245 - INFO - components are multiplied
228 - INFO - comp1 is Mag
230 - INFO - comp1 is Phase
245 - INFO - components are multiplied
228 - INFO - comp1 is Mag
230 - INFO - comp1 is Phase
245 - INFO - components are multiplied
228 - INFO - comp1 is Mag
230 - INFO - comp1 is Phase
245 - INFO - components are multiplied
228 - INFO - comp1 is Mag
230 - INFO - comp1 is Phase
245 - INFO - components are multiplied
228 - INFO - comp1 is Mag
230 - INFO - comp1 is Phase
245 - INFO - components are multiplied
228 - INFO - comp1 is Mag
230 - INFO - comp1 is Phase
245 - INFO - components are multiplied
228 - INFO - comp1 is Mag
230 - INFO - comp1 is Phase
245 - INFO - components are multiplied
228 - INFO - comp1 is Mag
230 - INFO - comp1 is Phase
245 - INFO - components are multiplied
228 - INFO - comp1 is Mag
230 - INFO - comp1 is Phase
245 - INFO - components are multiplied
228 - INFO - comp1 is Mag
230 - INFO - comp1 is Phase
245 - INFO - components are multiplied
228 - INFO - comp1 is Mag
230 - INFO - comp1 is Phase
245 - INFO - components are multiplied
228 - INFO - comp1 is Mag
230 - INFO - comp1 is Phase
245 - INFO - components are multiplied
228 - INFO - comp1 is Mag
230 - INFO - comp1 is Phase
245 - INFO - components are multiplied
228 - INFO - comp1 is Mag
230 - INFO - comp1 is Phase
245 - INFO - components are multiplied
228 - INFO - comp1 is Mag
230 - INFO - comp1 is Phase
245 - INFO - components are multiplied
228 - INFO - comp1 is Phase
230 - INFO - comp1 is uniMag
253 - INFO - components are multiplied
228 - INFO - comp1 is Phase
230 - INFO - comp1 is uniMag
253 - INFO - components are multiplied
228 - INFO - comp1 is Phase
230 - INFO - comp1 is uniMag
253 - INFO - components are multiplied
228 - INFO - comp1 is Phase
230 - INFO - comp1 is uniMag
253 - INFO - components are multiplied
228 - INFO - comp1 is Phase
230 - INFO - comp1 is uniMag
253 - INFO - components are multiplied
228 - INFO - comp1 is Phase
230 - INFO - comp1 is uniMag
253 - INFO - components are multiplied
228 - INFO - comp1 is Phase
230 - INFO - comp1 is uniMag
253 - INFO - components are multiplied
228 - INFO - comp1 is Phase
230 - INFO - comp1 is uniMag
253 - INFO - components are multiplied
228 - INFO - comp1 is Phase
230 - INFO - comp1 is uniMag
253 - INFO - components are multiplied
228 - INFO - comp1 is Phase
230 - INFO - comp1 is uniMag
253 - INFO - components are multiplied
228 - INFO - comp1 is Phase
230 - INFO - comp1 is uniMag
253 - INFO - components are multiplied
228 - INFO - comp1 is Phase
230 - INFO - comp1 is uniMag
253 - INFO - components are multiplied
228 - INFO - comp1 is Phase
230 - INFO - comp1 is uniMag
253 - INFO - components are multiplied
228 - INFO - comp1 is Phase
230 - INFO - comp1 is uniMag
253 - INFO - components are multiplied
228 - INFO - comp1 is Mag
230 - INFO - comp1 is uniPhase
245 - INFO - components are multiplied
166 - INFO - the application has been reseted
186 - DEBUG - STREAM b'IHDR' 16 13
186 - DEBUG - STREAM b'sRGB' 41 1
186 - DEBUG - STREAM b'bKGD' 54 6
698 - DEBUG - b'bKGD' 54 6 (unknown)
186 - DEBUG - STREAM b'pHYs' 72 9
186 - DEBUG - STREAM b'tIME' 93 7
698 - DEBUG - b'tIME' 93 7 (unknown)
186 - DEBUG - STREAM b'IDAT' 112 32768
186 - DEBUG - STREAM b'tEXt' 216976 37
186 - DEBUG - STREAM b'tEXt' 217025 37
186 - DEBUG - STREAM b'tEXt' 217074 56
186 - DEBUG - STREAM b'tEXt' 217142 33
186 - DEBUG - STREAM b'tEXt' 217187 38
186 - DEBUG - STREAM b'tEXt' 217237 55
186 - DEBUG - STREAM b'IHDR' 16 13
186 - DEBUG - STREAM b'sRGB' 41 1
186 - DEBUG - STREAM b'bKGD' 54 6
698 - DEBUG - b'bKGD' 54 6 (unknown)
186 - DEBUG - STREAM b'pHYs' 72 9
186 - DEBUG - STREAM b'tIME' 93 7
698 - DEBUG - b'tIME' 93 7 (unknown)
186 - DEBUG - STREAM b'IDAT' 112 32768
186 - DEBUG - STREAM b'tEXt' 252685 37
186 - DEBUG - STREAM b'tEXt' 252734 37
186 - DEBUG - STREAM b'tEXt' 252783 56
186 - DEBUG - STREAM b'tEXt' 252851 33
186 - DEBUG - STREAM b'tEXt' 252896 38
186 - DEBUG - STREAM b'tEXt' 252946 55
228 - INFO - comp1 is Mag
230 - INFO - comp1 is uniPhase
245 - INFO - components are multiplied
130 - INFO - tools are enabled
166 - INFO - the application has been reseted
186 - DEBUG - STREAM b'IHDR' 16 13
186 - DEBUG - STREAM b'sRGB' 41 1
186 - DEBUG - STREAM b'bKGD' 54 6
698 - DEBUG - b'bKGD' 54 6 (unknown)
186 - DEBUG - STREAM b'pHYs' 72 9
186 - DEBUG - STREAM b'tIME' 93 7
698 - DEBUG - b'tIME' 93 7 (unknown)
186 - DEBUG - STREAM b'IDAT' 112 32768
186 - DEBUG - STREAM b'tEXt' 159526 37
186 - DEBUG - STREAM b'tEXt' 159575 37
186 - DEBUG - STREAM b'tEXt' 159624 56
186 - DEBUG - STREAM b'tEXt' 159692 33
186 - DEBUG - STREAM b'tEXt' 159737 38
186 - DEBUG - STREAM b'tEXt' 159787 55
126 - WARNING - The image size is not suitable
166 - INFO - the application has been reseted
228 - INFO - comp1 is Mag
230 - INFO - comp1 is uniPhase
245 - INFO - components are multiplied
130 - INFO - tools are enabled
